2024-12-30 15:11:53,109 WARNING database DDL Query made to DB:
create table `tabIncoming Call Settings` (
			name varchar(140) primary key,
			creation datetime(6),
			modified datetime(6),
			modified_by varchar(140),
			owner varchar(140),
			docstatus int(1) not null default '0',
			idx int(8) not null default '0',
			`call_routing` varchar(140) default 'Sequential',
`greeting_message` varchar(140),
`agent_busy_message` varchar(140),
`agent_unavailable_message` varchar(140),
`_user_tags` text,
`_comments` text,
`_assign` text,
`_liked_by` text,

			index modified(modified))
			ENGINE=InnoDB
			ROW_FORMAT=DYNAMIC
			CHARACTER SET=utf8mb4
			COLLATE=utf8mb4_unicode_ci
2024-12-30 15:11:53,162 WARNING database DDL Query made to DB:
create table `tabIncoming Call Handling Schedule` (
			name varchar(140) primary key,
			creation datetime(6),
			modified datetime(6),
			modified_by varchar(140),
			owner varchar(140),
			docstatus int(1) not null default '0',
			idx int(8) not null default '0',
			`day_of_week` varchar(140),
`from_time` time(6) default '9:00:00',
`to_time` time(6) default '17:00:00',
`agent_group` varchar(140),
parent varchar(140),
parentfield varchar(140),
parenttype varchar(140),
index parent(parent),

			index modified(modified))
			ENGINE=InnoDB
			ROW_FORMAT=DYNAMIC
			CHARACTER SET=utf8mb4
			COLLATE=utf8mb4_unicode_ci
2024-12-30 15:11:53,213 WARNING database DDL Query made to DB:
create table `tabTelephony Call Type` (
			name varchar(140) primary key,
			creation datetime(6),
			modified datetime(6),
			modified_by varchar(140),
			owner varchar(140),
			docstatus int(1) not null default '0',
			idx int(8) not null default '0',
			`call_type` varchar(140) unique,
`amended_from` varchar(140),
`_user_tags` text,
`_comments` text,
`_assign` text,
`_liked_by` text,

			index modified(modified))
			ENGINE=InnoDB
			ROW_FORMAT=DYNAMIC
			CHARACTER SET=utf8mb4
			COLLATE=utf8mb4_unicode_ci
2024-12-30 15:11:53,387 WARNING database DDL Query made to DB:
create table `tabBulk Transaction Log Detail` (
			name varchar(140) primary key,
			creation datetime(6),
			modified datetime(6),
			modified_by varchar(140),
			owner varchar(140),
			docstatus int(1) not null default '0',
			idx int(8) not null default '0',
			`from_doctype` varchar(140),
`transaction_name` varchar(140),
`date` date,
`time` time(6),
`transaction_status` varchar(140),
`error_description` longtext,
`to_doctype` varchar(140),
`retried` int(11) not null default 0,
`_user_tags` text,
`_comments` text,
`_assign` text,
`_liked_by` text,
index `from_doctype`(`from_doctype`),
index `transaction_name`(`transaction_name`),
index `date`(`date`),

			index modified(modified))
			ENGINE=InnoDB
			ROW_FORMAT=DYNAMIC
			CHARACTER SET=utf8mb4
			COLLATE=utf8mb4_unicode_ci
2024-12-30 15:11:53,591 WARNING database DDL Query made to DB:
create table `tabWebsite Item` (
			name varchar(140) primary key,
			creation datetime(6),
			modified datetime(6),
			modified_by varchar(140),
			owner varchar(140),
			docstatus int(1) not null default '0',
			idx int(8) not null default '0',
			`naming_series` varchar(140) default 'WEB-ITM-.####',
`web_item_name` varchar(140),
`route` text,
`has_variants` int(1) not null default 0,
`variant_of` varchar(140),
`published` int(1) not null default 1,
`item_code` varchar(140),
`item_name` varchar(140),
`item_group` varchar(140),
`stock_uom` varchar(140),
`description` longtext,
`brand` varchar(140),
`website_image` text,
`website_image_alt` varchar(140),
`slideshow` varchar(140),
`thumbnail` varchar(140),
`website_warehouse` varchar(140),
`on_backorder` int(1) not null default 0,
`short_description` text,
`web_long_description` longtext,
`show_tabbed_section` int(1) not null default 0,
`ranking` int(11) not null default 0,
`website_content` longtext,
`_user_tags` text,
`_comments` text,
`_assign` text,
`_liked_by` text,
index `variant_of`(`variant_of`),
index `item_group`(`item_group`),
index `brand`(`brand`),

			index modified(modified))
			ENGINE=InnoDB
			ROW_FORMAT=DYNAMIC
			CHARACTER SET=utf8mb4
			COLLATE=utf8mb4_unicode_ci
2024-12-30 15:11:53,640 WARNING database DDL Query made to DB:
ALTER TABLE `tabWebsite Item`
				ADD INDEX `route_index`(route(500))
2024-12-30 15:11:53,671 WARNING database DDL Query made to DB:
create table `tabWishlist` (
			name varchar(140) primary key,
			creation datetime(6),
			modified datetime(6),
			modified_by varchar(140),
			owner varchar(140),
			docstatus int(1) not null default '0',
			idx int(8) not null default '0',
			`user` varchar(140) unique,
`_user_tags` text,
`_comments` text,
`_assign` text,
`_liked_by` text,

			index modified(modified))
			ENGINE=InnoDB
			ROW_FORMAT=DYNAMIC
			CHARACTER SET=utf8mb4
			COLLATE=utf8mb4_unicode_ci
2024-12-30 15:11:53,724 WARNING database DDL Query made to DB:
create table `tabWebsite Offer` (
			name varchar(140) primary key,
			creation datetime(6),
			modified datetime(6),
			modified_by varchar(140),
			owner varchar(140),
			docstatus int(1) not null default '0',
			idx int(8) not null default '0',
			`offer_title` varchar(140),
`offer_subtitle` varchar(140),
`offer_details` longtext,
parent varchar(140),
parentfield varchar(140),
parenttype varchar(140),
index parent(parent),

			index modified(modified))
			ENGINE=InnoDB
			ROW_FORMAT=DYNAMIC
			CHARACTER SET=utf8mb4
			COLLATE=utf8mb4_unicode_ci
2024-12-30 15:11:53,775 WARNING database DDL Query made to DB:
create table `tabRecommended Items` (
			name varchar(140) primary key,
			creation datetime(6),
			modified datetime(6),
			modified_by varchar(140),
			owner varchar(140),
			docstatus int(1) not null default '0',
			idx int(8) not null default '0',
			`website_item` varchar(140),
`website_item_name` varchar(140),
`item_code` varchar(140),
`route` text,
`website_item_image` text,
`website_item_thumbnail` varchar(140),
parent varchar(140),
parentfield varchar(140),
parenttype varchar(140),
index parent(parent),

			index modified(modified))
			ENGINE=InnoDB
			ROW_FORMAT=DYNAMIC
			CHARACTER SET=utf8mb4
			COLLATE=utf8mb4_unicode_ci
2024-12-30 15:11:53,828 WARNING database DDL Query made to DB:
create table `tabItem Review` (
			name varchar(140) primary key,
			creation datetime(6),
			modified datetime(6),
			modified_by varchar(140),
			owner varchar(140),
			docstatus int(1) not null default '0',
			idx int(8) not null default '0',
			`website_item` varchar(140),
`user` varchar(140),
`customer` varchar(140),
`item` varchar(140),
`published_on` varchar(140),
`review_title` varchar(140),
`rating` decimal(3,2),
`comment` text,
`_user_tags` text,
`_comments` text,
`_assign` text,
`_liked_by` text,

			index modified(modified))
			ENGINE=InnoDB
			ROW_FORMAT=DYNAMIC
			CHARACTER SET=utf8mb4
			COLLATE=utf8mb4_unicode_ci
2024-12-30 15:11:53,884 WARNING database DDL Query made to DB:
create table `tabWebsite Item Tabbed Section` (
			name varchar(140) primary key,
			creation datetime(6),
			modified datetime(6),
			modified_by varchar(140),
			owner varchar(140),
			docstatus int(1) not null default '0',
			idx int(8) not null default '0',
			`label` varchar(140),
`content` longtext,
parent varchar(140),
parentfield varchar(140),
parenttype varchar(140),
index parent(parent),

			index modified(modified))
			ENGINE=InnoDB
			ROW_FORMAT=DYNAMIC
			CHARACTER SET=utf8mb4
			COLLATE=utf8mb4_unicode_ci
2024-12-30 15:11:53,940 WARNING database DDL Query made to DB:
create table `tabWishlist Item` (
			name varchar(140) primary key,
			creation datetime(6),
			modified datetime(6),
			modified_by varchar(140),
			owner varchar(140),
			docstatus int(1) not null default '0',
			idx int(8) not null default '0',
			`item_code` varchar(140),
`website_item` varchar(140),
`web_item_name` varchar(140),
`item_name` varchar(140),
`item_group` varchar(140),
`description` longtext,
`route` text,
`image` text,
`warehouse` varchar(140),
parent varchar(140),
parentfield varchar(140),
parenttype varchar(140),
index parent(parent),

			index modified(modified))
			ENGINE=InnoDB
			ROW_FORMAT=DYNAMIC
			CHARACTER SET=utf8mb4
			COLLATE=utf8mb4_unicode_ci
2024-12-30 15:11:54,111 WARNING database DDL Query made to DB:
create table `tabSubcontracting Receipt Supplied Item` (
			name varchar(140) primary key,
			creation datetime(6),
			modified datetime(6),
			modified_by varchar(140),
			owner varchar(140),
			docstatus int(1) not null default '0',
			idx int(8) not null default '0',
			`main_item_code` varchar(140),
`rm_item_code` varchar(140),
`item_name` varchar(140),
`bom_detail_no` varchar(140),
`description` longtext,
`stock_uom` varchar(140),
`conversion_factor` decimal(21,9) not null default 1.0,
`reference_name` varchar(140),
`rate` decimal(21,9) not null default 0,
`amount` decimal(21,9) not null default 0,
`available_qty_for_consumption` decimal(21,9) not null default 0,
`required_qty` decimal(21,9) not null default 0,
`consumed_qty` decimal(21,9) not null default 0,
`current_stock` decimal(21,9) not null default 0,
`batch_no` varchar(140),
`serial_no` text,
`subcontracting_order` varchar(140),
parent varchar(140),
parentfield varchar(140),
parenttype varchar(140),
index parent(parent),

			index modified(modified))
			ENGINE=InnoDB
			ROW_FORMAT=DYNAMIC
			CHARACTER SET=utf8mb4
			COLLATE=utf8mb4_unicode_ci
2024-12-30 15:11:54,202 WARNING database DDL Query made to DB:
create table `tabSubcontracting Receipt Item` (
			name varchar(140) primary key,
			creation datetime(6),
			modified datetime(6),
			modified_by varchar(140),
			owner varchar(140),
			docstatus int(1) not null default '0',
			idx int(8) not null default '0',
			`item_code` varchar(140),
`item_name` varchar(140),
`description` longtext,
`brand` varchar(140),
`image` text,
`received_qty` decimal(21,9) not null default 0,
`qty` decimal(21,9) not null default 0,
`rejected_qty` decimal(21,9) not null default 0,
`returned_qty` decimal(21,9) not null default 0,
`stock_uom` varchar(140),
`conversion_factor` decimal(21,9) not null default 1.0,
`rate` decimal(21,9) not null default 0,
`amount` decimal(21,9) not null default 0,
`rm_cost_per_qty` decimal(21,9) not null default 0,
`service_cost_per_qty` decimal(21,9) not null default 0,
`additional_cost_per_qty` decimal(21,9) not null default 0,
`rm_supp_cost` decimal(21,9) not null default 0,
`warehouse` varchar(140),
`rejected_warehouse` varchar(140),
`subcontracting_order` varchar(140),
`schedule_date` date,
`quality_inspection` varchar(140),
`subcontracting_order_item` varchar(140),
`subcontracting_receipt_item` varchar(140),
`bom` varchar(140),
`include_exploded_items` int(1) not null default 0,
`serial_no` text,
`batch_no` varchar(140),
`rejected_serial_no` text,
`manufacturer` varchar(140),
`manufacturer_part_no` varchar(140),
`expense_account` varchar(140),
`cost_center` varchar(140),
`project` varchar(140),
`page_break` int(1) not null default 0,
index `item_code`(`item_code`),
index `subcontracting_order`(`subcontracting_order`),
index `subcontracting_order_item`(`subcontracting_order_item`),
parent varchar(140),
parentfield varchar(140),
parenttype varchar(140),
index parent(parent),

			index modified(modified))
			ENGINE=InnoDB
			ROW_FORMAT=DYNAMIC
			CHARACTER SET=utf8mb4
			COLLATE=utf8mb4_unicode_ci
2024-12-30 15:11:54,270 WARNING database DDL Query made to DB:
create table `tabSubcontracting Order Service Item` (
			name varchar(140) primary key,
			creation datetime(6),
			modified datetime(6),
			modified_by varchar(140),
			owner varchar(140),
			docstatus int(1) not null default '0',
			idx int(8) not null default '0',
			`item_code` varchar(140),
`item_name` varchar(140),
`qty` decimal(21,9) not null default 0,
`rate` decimal(21,9) not null default 0,
`amount` decimal(21,9) not null default 0,
`fg_item` varchar(140),
`fg_item_qty` decimal(21,9) not null default 1.0,
`material_request` varchar(140),
`material_request_item` varchar(140),
index `item_code`(`item_code`),
parent varchar(140),
parentfield varchar(140),
parenttype varchar(140),
index parent(parent),

			index modified(modified))
			ENGINE=InnoDB
			ROW_FORMAT=DYNAMIC
			CHARACTER SET=utf8mb4
			COLLATE=utf8mb4_unicode_ci
2024-12-30 15:11:54,360 WARNING database DDL Query made to DB:
create table `tabSubcontracting Order` (
			name varchar(140) primary key,
			creation datetime(6),
			modified datetime(6),
			modified_by varchar(140),
			owner varchar(140),
			docstatus int(1) not null default '0',
			idx int(8) not null default '0',
			`title` varchar(140) default '{supplier_name}',
`naming_series` varchar(140),
`purchase_order` varchar(140),
`supplier` varchar(140),
`supplier_name` varchar(140),
`supplier_warehouse` varchar(140),
`company` varchar(140),
`transaction_date` date,
`schedule_date` date,
`amended_from` varchar(140),
`cost_center` varchar(140),
`project` varchar(140),
`supplier_address` varchar(140),
`address_display` text,
`contact_person` varchar(140),
`contact_display` text,
`contact_mobile` text,
`contact_email` text,
`shipping_address` varchar(140),
`shipping_address_display` text,
`billing_address` varchar(140),
`billing_address_display` text,
`set_warehouse` varchar(140),
`total_qty` decimal(21,9) not null default 0,
`total` decimal(21,9) not null default 0,
`set_reserve_warehouse` varchar(140),
`distribute_additional_costs_based_on` varchar(140) default 'Qty',
`total_additional_costs` decimal(21,9) not null default 0,
`status` varchar(140) default 'Draft',
`per_received` decimal(21,9) not null default 0,
`select_print_heading` varchar(140),
`letter_head` varchar(140),
`_user_tags` text,
`_comments` text,
`_assign` text,
`_liked_by` text,
index `supplier`(`supplier`),
index `transaction_date`(`transaction_date`),
index `status`(`status`),

			index modified(modified))
			ENGINE=InnoDB
			ROW_FORMAT=DYNAMIC
			CHARACTER SET=utf8mb4
			COLLATE=utf8mb4_unicode_ci
2024-12-30 15:11:54,456 WARNING database DDL Query made to DB:
create table `tabSubcontracting Order Item` (
			name varchar(140) primary key,
			creation datetime(6),
			modified datetime(6),
			modified_by varchar(140),
			owner varchar(140),
			docstatus int(1) not null default '0',
			idx int(8) not null default '0',
			`item_code` varchar(140),
`item_name` varchar(140),
`bom` varchar(140),
`include_exploded_items` int(1) not null default 0,
`schedule_date` date,
`expected_delivery_date` date,
`description` longtext,
`image` text,
`qty` decimal(21,9) not null default 1.0,
`received_qty` decimal(21,9) not null default 0,
`returned_qty` decimal(21,9) not null default 0,
`stock_uom` varchar(140),
`conversion_factor` decimal(21,9) not null default 1.0,
`rate` decimal(21,9) not null default 0,
`amount` decimal(21,9) not null default 0,
`rm_cost_per_qty` decimal(21,9) not null default 0,
`service_cost_per_qty` decimal(21,9) not null default 0,
`additional_cost_per_qty` decimal(21,9) not null default 0,
`warehouse` varchar(140),
`expense_account` varchar(140),
`manufacturer` varchar(140),
`manufacturer_part_no` varchar(140),
`material_request` varchar(140),
`material_request_item` varchar(140),
`cost_center` varchar(140),
`project` varchar(140),
`page_break` int(1) not null default 0,
index `item_code`(`item_code`),
index `expected_delivery_date`(`expected_delivery_date`),
index `material_request`(`material_request`),
index `material_request_item`(`material_request_item`),
parent varchar(140),
parentfield varchar(140),
parenttype varchar(140),
index parent(parent),

			index modified(modified))
			ENGINE=InnoDB
			ROW_FORMAT=DYNAMIC
			CHARACTER SET=utf8mb4
			COLLATE=utf8mb4_unicode_ci
2024-12-30 15:11:54,611 WARNING database DDL Query made to DB:
create table `tabSubcontracting Order Supplied Item` (
			name varchar(140) primary key,
			creation datetime(6),
			modified datetime(6),
			modified_by varchar(140),
			owner varchar(140),
			docstatus int(1) not null default '0',
			idx int(8) not null default '0',
			`main_item_code` varchar(140),
`rm_item_code` varchar(140),
`stock_uom` varchar(140),
`conversion_factor` decimal(21,9) not null default 1.0,
`reserve_warehouse` varchar(140),
`bom_detail_no` varchar(140),
`reference_name` varchar(140),
`rate` decimal(21,9) not null default 0,
`amount` decimal(21,9) not null default 0,
`required_qty` decimal(21,9) not null default 0,
`supplied_qty` decimal(21,9) not null default 0,
`consumed_qty` decimal(21,9) not null default 0,
`returned_qty` decimal(21,9) not null default 0,
`total_supplied_qty` decimal(21,9) not null default 0,
parent varchar(140),
parentfield varchar(140),
parenttype varchar(140),
index parent(parent),

			index modified(modified))
			ENGINE=InnoDB
			ROW_FORMAT=DYNAMIC
			CHARACTER SET=utf8mb4
			COLLATE=utf8mb4_unicode_ci
2024-12-30 15:11:54,737 WARNING database DDL Query made to DB:
create table `tabSubcontracting Receipt` (
			name varchar(140) primary key,
			creation datetime(6),
			modified datetime(6),
			modified_by varchar(140),
			owner varchar(140),
			docstatus int(1) not null default '0',
			idx int(8) not null default '0',
			`title` varchar(140) default '{supplier_name}',
`naming_series` varchar(140),
`supplier` varchar(140),
`supplier_name` varchar(140),
`supplier_delivery_note` varchar(140),
`company` varchar(140),
`posting_date` date,
`posting_time` time(6),
`set_posting_time` int(1) not null default 0,
`is_return` int(1) not null default 0,
`return_against` varchar(140),
`cost_center` varchar(140),
`project` varchar(140),
`supplier_address` varchar(140),
`contact_person` varchar(140),
`address_display` text,
`contact_display` text,
`contact_mobile` text,
`contact_email` text,
`shipping_address` varchar(140),
`shipping_address_display` text,
`billing_address` varchar(140),
`billing_address_display` text,
`set_warehouse` varchar(140),
`rejected_warehouse` varchar(140),
`supplier_warehouse` varchar(140),
`total_qty` decimal(21,9) not null default 0,
`total` decimal(21,9) not null default 0,
`distribute_additional_costs_based_on` varchar(140) default 'Qty',
`total_additional_costs` decimal(21,9) not null default 0,
`in_words` varchar(240),
`bill_no` varchar(140),
`bill_date` date,
`status` varchar(140) default 'Draft',
`per_returned` decimal(21,9) not null default 0,
`amended_from` varchar(140),
`range` varchar(140),
`represents_company` varchar(140),
`auto_repeat` varchar(140),
`letter_head` varchar(140),
`language` varchar(140),
`instructions` text,
`select_print_heading` varchar(140),
`remarks` text,
`transporter_name` varchar(140),
`lr_no` varchar(140),
`lr_date` date,
`_user_tags` text,
`_comments` text,
`_assign` text,
`_liked_by` text,
index `supplier`(`supplier`),
index `posting_date`(`posting_date`),
index `status`(`status`),

			index modified(modified))
			ENGINE=InnoDB
			ROW_FORMAT=DYNAMIC
			CHARACTER SET=utf8mb4
			COLLATE=utf8mb4_unicode_ci
2024-12-30 15:11:54,809 WARNING database DDL Query made to DB:
create table `tabCode List` (
			name varchar(140) primary key,
			creation datetime(6),
			modified datetime(6),
			modified_by varchar(140),
			owner varchar(140),
			docstatus int(1) not null default '0',
			idx int(8) not null default '0',
			`title` varchar(140),
`canonical_uri` varchar(140),
`url` varchar(140),
`default_common_code` varchar(140),
`version` varchar(140),
`publisher` varchar(140),
`publisher_id` varchar(140),
`description` text,
`_user_tags` text,
`_comments` text,
`_assign` text,
`_liked_by` text,

			index modified(modified))
			ENGINE=InnoDB
			ROW_FORMAT=DYNAMIC
			CHARACTER SET=utf8mb4
			COLLATE=utf8mb4_unicode_ci
2024-12-30 15:11:54,864 WARNING database DDL Query made to DB:
create table `tabCommon Code` (
			name varchar(140) primary key,
			creation datetime(6),
			modified datetime(6),
			modified_by varchar(140),
			owner varchar(140),
			docstatus int(1) not null default '0',
			idx int(8) not null default '0',
			`code_list` varchar(140),
`title` varchar(300),
`common_code` varchar(300),
`description` text,
`additional_data` longtext,
`_user_tags` text,
`_comments` text,
`_assign` text,
`_liked_by` text,
index `code_list`(`code_list`),
index `common_code`(`common_code`),

			index modified(modified))
			ENGINE=InnoDB
			ROW_FORMAT=DYNAMIC
			CHARACTER SET=utf8mb4
			COLLATE=utf8mb4_unicode_ci
2024-12-30 15:11:54,895 WARNING database DDL Query made to DB:
ALTER TABLE `tabCommon Code`
				ADD INDEX `code_list_common_code_index`(code_list, common_code)
2024-12-30 15:12:00,523 WARNING database DDL Query made to DB:
ALTER TABLE `tabAddress` ADD COLUMN `tax_category` varchar(140), ADD COLUMN `is_your_company_address` int(1) not null default 0
2024-12-30 15:12:00,587 WARNING database DDL Query made to DB:
ALTER TABLE `tabContact` ADD COLUMN `is_billing_contact` int(1) not null default 0
2025-02-17 10:38:26,390 WARNING database DDL Query made to DB:
create table `tabEmployee List` (
			name varchar(140) primary key,
			creation datetime(6),
			modified datetime(6),
			modified_by varchar(140),
			owner varchar(140),
			docstatus int(1) not null default '0',
			idx int(8) not null default '0',
			`employee_name` varchar(140),
`employee_code` varchar(140),
`gender` varchar(140),
`date_of_birth` varchar(140),
`date_of_joining` varchar(140),
`designation` varchar(140),
`team` varchar(140),
`team_lead` varchar(140),
`manager` varchar(140),
`location` varchar(140),
`status` varchar(140),
`mobile` varchar(140),
`email` varchar(140),
`current_address` varchar(140),
`emergency_contact_name` varchar(140),
`emergency_contact_phone` varchar(140),
`cost_to_company_ctc` varchar(140),
`salary_currency` varchar(140),
`_user_tags` text,
`_comments` text,
`_assign` text,
`_liked_by` text,

			index modified(modified))
			ENGINE=InnoDB
			ROW_FORMAT=DYNAMIC
			CHARACTER SET=utf8mb4
			COLLATE=utf8mb4_unicode_ci
2025-02-17 10:44:32,563 WARNING database DDL Query made to DB:
create table `tabTeam Details` (
			name varchar(140) primary key,
			creation datetime(6),
			modified datetime(6),
			modified_by varchar(140),
			owner varchar(140),
			docstatus int(1) not null default '0',
			idx int(8) not null default '0',
			`team` varchar(140),
`location` varchar(140),
`team_leader` varchar(140),
`date` varchar(140),
`manager` varchar(140),
`_user_tags` text,
`_comments` text,
`_assign` text,
`_liked_by` text,

			index modified(modified))
			ENGINE=InnoDB
			ROW_FORMAT=DYNAMIC
			CHARACTER SET=utf8mb4
			COLLATE=utf8mb4_unicode_ci
2025-02-17 10:47:47,196 WARNING database DDL Query made to DB:
create table `tabBank details` (
			name varchar(140) primary key,
			creation datetime(6),
			modified datetime(6),
			modified_by varchar(140),
			owner varchar(140),
			docstatus int(1) not null default '0',
			idx int(8) not null default '0',
			`bank_name` varchar(140),
`team_name` varchar(140),
`manager_name` varchar(140),
`location` varchar(140),
`_user_tags` text,
`_comments` text,
`_assign` text,
`_liked_by` text,

			index modified(modified))
			ENGINE=InnoDB
			ROW_FORMAT=DYNAMIC
			CHARACTER SET=utf8mb4
			COLLATE=utf8mb4_unicode_ci
2025-02-17 10:52:15,010 WARNING database DDL Query made to DB:
create table `tabProduct Details` (
			name varchar(140) primary key,
			creation datetime(6),
			modified datetime(6),
			modified_by varchar(140),
			owner varchar(140),
			docstatus int(1) not null default '0',
			idx int(8) not null default '0',
			`product` varchar(140),
`manager` varchar(140),
`type` varchar(140),
`date` varchar(140),
`location` varchar(140),
`_user_tags` text,
`_comments` text,
`_assign` text,
`_liked_by` text,

			index modified(modified))
			ENGINE=InnoDB
			ROW_FORMAT=DYNAMIC
			CHARACTER SET=utf8mb4
			COLLATE=utf8mb4_unicode_ci
2025-02-17 10:56:58,869 WARNING database DDL Query made to DB:
create table `tabPetty Cash Expenses Details` (
			name varchar(140) primary key,
			creation datetime(6),
			modified datetime(6),
			modified_by varchar(140),
			owner varchar(140),
			docstatus int(1) not null default '0',
			idx int(8) not null default '0',
			`date` varchar(140),
`amount` varchar(140),
`employee_name` varchar(140),
`employee_code` varchar(140),
`reason_for_given` varchar(140),
`status` varchar(140),
`_user_tags` text,
`_comments` text,
`_assign` text,
`_liked_by` text,

			index modified(modified))
			ENGINE=InnoDB
			ROW_FORMAT=DYNAMIC
			CHARACTER SET=utf8mb4
			COLLATE=utf8mb4_unicode_ci
2025-02-17 11:02:45,613 WARNING database DDL Query made to DB:
ALTER TABLE `tabPetty Cash Expenses Details` MODIFY `date` date, MODIFY `amount` decimal(21,9) not null default 0
2025-02-17 11:08:16,071 WARNING database DDL Query made to DB:
create table `tabSalary` (
			name varchar(140) primary key,
			creation datetime(6),
			modified datetime(6),
			modified_by varchar(140),
			owner varchar(140),
			docstatus int(1) not null default '0',
			idx int(8) not null default '0',
			`employee_name` varchar(140),
`emp_code` varchar(140),
`team` varchar(140),
`team_leaderatl` varchar(140),
`manager` varchar(140),
`salary_type` varchar(140),
`basic_salary` varchar(140),
`location` varchar(140),
`paid_basic` varchar(140),
`petrol_advance` varchar(140),
`salary_advance` varchar(140),
`funding` varchar(140),
`loan_and_dra_amount` varchar(140),
`penalty` varchar(140),
`total_km` varchar(140),
`km_45` varchar(140),
`petrol_allowance` varchar(140),
`incentive` varchar(140),
`travel_exp` varchar(140),
`verification` varchar(140),
`ref_bonus` varchar(140),
`recharge` varchar(140),
`total_deduction` varchar(140),
`net_salary` varchar(140),
`paid__salary` varchar(140),
`status` varchar(140),
`_user_tags` text,
`_comments` text,
`_assign` text,
`_liked_by` text,

			index modified(modified))
			ENGINE=InnoDB
			ROW_FORMAT=DYNAMIC
			CHARACTER SET=utf8mb4
			COLLATE=utf8mb4_unicode_ci
2025-02-17 11:10:45,696 WARNING database DDL Query made to DB:
create table `tabDeduction Details` (
			name varchar(140) primary key,
			creation datetime(6),
			modified datetime(6),
			modified_by varchar(140),
			owner varchar(140),
			docstatus int(1) not null default '0',
			idx int(8) not null default '0',
			`employee_name` varchar(140),
`employee_code` varchar(140),
`petrol_advance` varchar(140),
`salary_advance` varchar(140),
`funding` varchar(140),
`loan_and_dra_amount` varchar(140),
`penalty` varchar(140),
`total_deduction` varchar(140),
`_user_tags` text,
`_comments` text,
`_assign` text,
`_liked_by` text,

			index modified(modified))
			ENGINE=InnoDB
			ROW_FORMAT=DYNAMIC
			CHARACTER SET=utf8mb4
			COLLATE=utf8mb4_unicode_ci
2025-02-17 11:16:58,585 WARNING database DDL Query made to DB:
create table `tabEarnings Details` (
			name varchar(140) primary key,
			creation datetime(6),
			modified datetime(6),
			modified_by varchar(140),
			owner varchar(140),
			docstatus int(1) not null default '0',
			idx int(8) not null default '0',
			`employee_name` varchar(140),
`employee_code` varchar(140),
`petrol_allowance` varchar(140),
`incentive` varchar(140),
`travel_exp` varchar(140),
`verification` varchar(140),
`ref_bonus` varchar(140),
`recharge` varchar(140),
`net_salary` varchar(140),
`paid__salary` varchar(140),
`_user_tags` text,
`_comments` text,
`_assign` text,
`_liked_by` text,

			index modified(modified))
			ENGINE=InnoDB
			ROW_FORMAT=DYNAMIC
			CHARACTER SET=utf8mb4
			COLLATE=utf8mb4_unicode_ci
2025-02-17 11:21:39,909 WARNING database DDL Query made to DB:
create table `tabProduct Allocation` (
			name varchar(140) primary key,
			creation datetime(6),
			modified datetime(6),
			modified_by varchar(140),
			owner varchar(140),
			docstatus int(1) not null default '0',
			idx int(8) not null default '0',
			`bank` varchar(140),
`product` varchar(140),
`location` varchar(140),
`manager` varchar(140),
`team_leader` varchar(140),
`month` varchar(140),
`_user_tags` text,
`_comments` text,
`_assign` text,
`_liked_by` text,

			index modified(modified))
			ENGINE=InnoDB
			ROW_FORMAT=DYNAMIC
			CHARACTER SET=utf8mb4
			COLLATE=utf8mb4_unicode_ci
2025-02-17 11:34:17,218 WARNING database DDL Query made to DB:
create table `tabInvoice Tracker` (
			name varchar(140) primary key,
			creation datetime(6),
			modified datetime(6),
			modified_by varchar(140),
			owner varchar(140),
			docstatus int(1) not null default '0',
			idx int(8) not null default '0',
			`bank` varchar(140),
`product` varchar(140),
`team_name` varchar(140),
`type` varchar(140),
`location` varchar(140),
`manager` varchar(140),
`year` int(11) not null default 0,
`month` varchar(140),
`rough_calculation` varchar(140),
`invoice_no` varchar(140),
`gst_status` varchar(140),
`incentive` varchar(140),
`payout` varchar(140),
`gross_payout` varchar(140),
`net_payout` varchar(140),
`claim_status` varchar(140),
`credit_date` date,
`_user_tags` text,
`_comments` text,
`_assign` text,
`_liked_by` text,

			index modified(modified))
			ENGINE=InnoDB
			ROW_FORMAT=DYNAMIC
			CHARACTER SET=utf8mb4
			COLLATE=utf8mb4_unicode_ci
2025-02-17 11:59:41,653 WARNING database DDL Query made to DB:
ALTER TABLE `tabEmployee List` ADD COLUMN `role` varchar(140)
2025-02-17 12:01:26,089 WARNING database DDL Query made to DB:
ALTER TABLE `tabEmployee List` MODIFY `date_of_birth` date, MODIFY `date_of_joining` date
2025-02-17 12:03:05,311 WARNING database DDL Query made to DB:
ALTER TABLE `tabEmployee List` MODIFY `cost_to_company_ctc` decimal(21,9) not null default 0
2025-02-17 12:04:04,245 WARNING database DDL Query made to DB:
ALTER TABLE `tabEmployee List` MODIFY `cost_to_company_ctc` decimal(21,9) not null default 0
2025-02-17 12:05:09,290 WARNING database DDL Query made to DB:
ALTER TABLE `tabEmployee List` MODIFY `cost_to_company_ctc` decimal(21,9) not null default 0
2025-02-17 12:06:19,196 WARNING database DDL Query made to DB:
ALTER TABLE `tabTeam Details` MODIFY `date` date
2025-02-17 12:09:42,271 WARNING database DDL Query made to DB:
ALTER TABLE `tabEmployee List` MODIFY `cost_to_company_ctc` decimal(21,9) not null default 0
2025-02-17 12:14:40,436 WARNING database DDL Query made to DB:
ALTER TABLE `tabProduct Details` MODIFY `product` date
2025-02-17 12:14:59,957 WARNING database DDL Query made to DB:
ALTER TABLE `tabProduct Details` MODIFY `manager` date, MODIFY `product` varchar(140)
2025-02-17 12:15:20,449 WARNING database DDL Query made to DB:
ALTER TABLE `tabProduct Details` MODIFY `date` date, MODIFY `manager` varchar(140)
2025-02-17 12:17:06,091 WARNING database DDL Query made to DB:
create table `tabManager List` (
			name varchar(140) primary key,
			creation datetime(6),
			modified datetime(6),
			modified_by varchar(140),
			owner varchar(140),
			docstatus int(1) not null default '0',
			idx int(8) not null default '0',
			`manager_name` varchar(140),
`_user_tags` text,
`_comments` text,
`_assign` text,
`_liked_by` text,

			index modified(modified))
			ENGINE=InnoDB
			ROW_FORMAT=DYNAMIC
			CHARACTER SET=utf8mb4
			COLLATE=utf8mb4_unicode_ci
2025-02-17 12:28:01,609 WARNING database DDL Query made to DB:
ALTER TABLE `tabPetty Cash Expenses Details` MODIFY `amount` decimal(21,9) not null default 0
2025-02-17 12:28:34,165 WARNING database DDL Query made to DB:
ALTER TABLE `tabPetty Cash Expenses Details` MODIFY `amount` decimal(21,9) not null default 0
2025-02-17 12:28:45,342 WARNING database DDL Query made to DB:
ALTER TABLE `tabPetty Cash Expenses Details` MODIFY `amount` decimal(21,9) not null default 0
2025-02-17 12:32:24,390 WARNING database DDL Query made to DB:
ALTER TABLE `tabDeduction Details` ADD COLUMN `month` varchar(140)
2025-02-17 12:32:24,407 WARNING database DDL Query made to DB:
ALTER TABLE `tabDeduction Details` MODIFY `salary_advance` decimal(21,9) not null default 0, MODIFY `loan_and_dra_amount` decimal(21,9) not null default 0, MODIFY `petrol_advance` decimal(21,9) not null default 0, MODIFY `penalty` decimal(21,9) not null default 0, MODIFY `total_deduction` decimal(21,9) not null default 0, MODIFY `funding` decimal(21,9) not null default 0
2025-02-17 12:32:38,415 WARNING database DDL Query made to DB:
ALTER TABLE `tabDeduction Details` MODIFY `total_deduction` decimal(21,9) not null default 0, MODIFY `loan_and_dra_amount` decimal(21,9) not null default 0, MODIFY `penalty` decimal(21,9) not null default 0, MODIFY `funding` decimal(21,9) not null default 0, MODIFY `salary_advance` decimal(21,9) not null default 0, MODIFY `petrol_advance` decimal(21,9) not null default 0
2025-02-17 12:33:20,631 WARNING database DDL Query made to DB:
ALTER TABLE `tabDeduction Details` MODIFY `salary_advance` decimal(21,9) not null default 0, MODIFY `penalty` decimal(21,9) not null default 0, MODIFY `total_deduction` decimal(21,9) not null default 0, MODIFY `petrol_advance` decimal(21,9) not null default 0, MODIFY `loan_and_dra_amount` decimal(21,9) not null default 0, MODIFY `funding` decimal(21,9) not null default 0
2025-02-17 12:36:30,914 WARNING database DDL Query made to DB:
ALTER TABLE `tabEarnings Details` MODIFY `recharge` decimal(21,9) not null default 0, MODIFY `petrol_allowance` decimal(21,9) not null default 0, MODIFY `verification` decimal(21,9) not null default 0, MODIFY `incentive` decimal(21,9) not null default 0, MODIFY `travel_exp` decimal(21,9) not null default 0, MODIFY `ref_bonus` decimal(21,9) not null default 0
2025-02-17 12:44:03,428 WARNING database DDL Query made to DB:
ALTER TABLE `tabSalary` MODIFY `ref_bonus` decimal(21,9) not null default 0, MODIFY `recharge` decimal(21,9) not null default 0, MODIFY `total_deduction` decimal(21,9) not null default 0, MODIFY `basic_salary` decimal(21,9) not null default 0, MODIFY `petrol_advance` decimal(21,9) not null default 0, MODIFY `paid_basic` decimal(21,9) not null default 0, MODIFY `net_salary` decimal(21,9) not null default 0, MODIFY `km_45` decimal(21,9) not null default 0, MODIFY `petrol_allowance` decimal(21,9) not null default 0, MODIFY `paid__salary` decimal(21,9) not null default 0, MODIFY `penalty` decimal(21,9) not null default 0, MODIFY `salary_advance` decimal(21,9) not null default 0, MODIFY `incentive` decimal(21,9) not null default 0, MODIFY `verification` decimal(21,9) not null default 0, MODIFY `travel_exp` decimal(21,9) not null default 0, MODIFY `funding` decimal(21,9) not null default 0, MODIFY `total_km` decimal(21,9) not null default 0, MODIFY `loan_and_dra_amount` decimal(21,9) not null default 0
2025-02-17 12:58:54,501 WARNING database DDL Query made to DB:
ALTER TABLE `tabProduct Details` ADD COLUMN `bank` varchar(140)
2025-02-17 13:02:43,949 WARNING database DDL Query made to DB:
ALTER TABLE `tabProduct Allocation` ADD COLUMN `team` varchar(140)
2025-02-17 13:08:39,860 WARNING database DDL Query made to DB:
ALTER TABLE `tabInvoice Tracker` MODIFY `gross_payout` decimal(21,9) not null default 0, MODIFY `incentive` decimal(21,9) not null default 0, MODIFY `payout` decimal(21,9) not null default 0, MODIFY `year` int(11) not null default 2025, MODIFY `rough_calculation` decimal(21,9) not null default 0, MODIFY `invoice_no` int(11) not null default 0, MODIFY `net_payout` decimal(21,9) not null default 0
2025-02-17 13:09:18,282 WARNING database DDL Query made to DB:
ALTER TABLE `tabInvoice Tracker` MODIFY `incentive` decimal(21,9) not null default 0, MODIFY `payout` decimal(21,9) not null default 0, MODIFY `gross_payout` decimal(21,9) not null default 0, MODIFY `rough_calculation` decimal(21,9) not null default 0, MODIFY `net_payout` decimal(21,9) not null default 0
2025-02-17 13:10:26,419 WARNING database DDL Query made to DB:
ALTER TABLE `tabInvoice Tracker` MODIFY `net_payout` decimal(21,9) not null default 0, MODIFY `rough_calculation` decimal(21,9) not null default 0, MODIFY `incentive` decimal(21,9) not null default 0, MODIFY `payout` decimal(21,9) not null default 0, MODIFY `gross_payout` decimal(21,9) not null default 0
2025-02-17 13:18:34,788 WARNING database DDL Query made to DB:
ALTER TABLE `tabInvoice Tracker` MODIFY `payout` decimal(21,9) not null default 0, MODIFY `incentive` decimal(21,9) not null default 0, MODIFY `net_payout` decimal(21,9) not null default 0, MODIFY `gross_payout` decimal(21,9) not null default 0, MODIFY `rough_calculation` decimal(21,9) not null default 0
2025-02-17 13:22:27,694 WARNING database DDL Query made to DB:
ALTER TABLE `tabInvoice Tracker` MODIFY `payout` decimal(21,9) not null default 0, MODIFY `net_payout` decimal(21,9) not null default 0, MODIFY `rough_calculation` decimal(21,9) not null default 0, MODIFY `incentive` decimal(21,9) not null default 0, MODIFY `gross_payout` decimal(21,9) not null default 0
2025-02-17 13:24:03,203 WARNING database DDL Query made to DB:
ALTER TABLE `tabInvoice Tracker` MODIFY `net_payout` decimal(21,9) not null default 0, MODIFY `rough_calculation` decimal(21,9) not null default 0, MODIFY `payout` decimal(21,9) not null default 0, MODIFY `incentive` decimal(21,9) not null default 0, MODIFY `gross_payout` decimal(21,9) not null default 0
2025-02-17 13:24:25,202 WARNING database DDL Query made to DB:
ALTER TABLE `tabInvoice Tracker` MODIFY `net_payout` decimal(21,9) not null default 0, MODIFY `rough_calculation` decimal(21,9) not null default 0, MODIFY `payout` decimal(21,9) not null default 0, MODIFY `incentive` decimal(21,9) not null default 0, MODIFY `gross_payout` decimal(21,9) not null default 0
2025-02-17 13:41:48,104 WARNING database DDL Query made to DB:
ALTER TABLE `tabInvoice Tracker` MODIFY `gross_payout` decimal(21,9) not null default 0, MODIFY `incentive` decimal(21,9) not null default 0, MODIFY `payout` decimal(21,9) not null default 0, MODIFY `net_payout` decimal(21,9) not null default 0, MODIFY `rough_calculation` decimal(21,9) not null default 0
2025-02-17 14:12:09,382 WARNING database DDL Query made to DB:
ALTER TABLE `tabInvoice Tracker` MODIFY `rough_calculation` decimal(21,9) not null default 0, MODIFY `payout` decimal(21,9) not null default 0, MODIFY `gross_payout` decimal(21,9) not null default 0, MODIFY `incentive` decimal(21,9) not null default 0, MODIFY `net_payout` decimal(21,9) not null default 0
2025-02-17 14:14:07,034 WARNING database DDL Query made to DB:
ALTER TABLE `tabInvoice Tracker` MODIFY `rough_calculation` decimal(21,9) not null default 0, MODIFY `incentive` decimal(21,9) not null default 0, MODIFY `gross_payout` decimal(21,9) not null default 0, MODIFY `net_payout` decimal(21,9) not null default 0, MODIFY `payout` decimal(21,9) not null default 0
2025-02-17 14:25:59,223 WARNING database DDL Query made to DB:
ALTER TABLE `tabSalary` MODIFY `recharge` decimal(21,9) not null default 0, MODIFY `verification` decimal(21,9) not null default 0, MODIFY `ref_bonus` decimal(21,9) not null default 0, MODIFY `paid_basic` decimal(21,9) not null default 0, MODIFY `petrol_allowance` decimal(21,9) not null default 0, MODIFY `travel_exp` decimal(21,9) not null default 0, MODIFY `petrol_advance` decimal(21,9) not null default 0, MODIFY `paid__salary` decimal(21,9) not null default 0, MODIFY `km_45` decimal(21,9) not null default 0, MODIFY `basic_salary` decimal(21,9) not null default 0, MODIFY `salary_advance` decimal(21,9) not null default 0, MODIFY `loan_and_dra_amount` decimal(21,9) not null default 0, MODIFY `penalty` decimal(21,9) not null default 0, MODIFY `total_km` decimal(21,9) not null default 0, MODIFY `net_salary` decimal(21,9) not null default 0, MODIFY `total_deduction` decimal(21,9) not null default 0, MODIFY `funding` decimal(21,9) not null default 0, MODIFY `incentive` decimal(21,9) not null default 0
2025-02-18 06:05:18,288 WARNING database DDL Query made to DB:
ALTER TABLE `tabPetty Cash Expenses Details` MODIFY `amount` decimal(21,9) not null default 0
2025-02-19 06:00:22,415 WARNING database DDL Query made to DB:
ALTER TABLE `tabSalary` ADD COLUMN `total_leave` decimal(21,9) not null default 0
2025-02-19 06:00:22,417 WARNING database DDL Query made to DB:
ALTER TABLE `tabSalary` MODIFY `paid_basic` decimal(21,9) not null default 0, MODIFY `incentive` decimal(21,9) not null default 0, MODIFY `travel_exp` decimal(21,9) not null default 0, MODIFY `paid__salary` decimal(21,9) not null default 0, MODIFY `net_salary` decimal(21,9) not null default 0, MODIFY `penalty` decimal(21,9) not null default 0, MODIFY `petrol_advance` decimal(21,9) not null default 0, MODIFY `recharge` decimal(21,9) not null default 0, MODIFY `verification` decimal(21,9) not null default 0, MODIFY `petrol_allowance` decimal(21,9) not null default 0, MODIFY `basic_salary` decimal(21,9) not null default 0, MODIFY `loan_and_dra_amount` decimal(21,9) not null default 0, MODIFY `total_km` decimal(21,9) not null default 0, MODIFY `km_45` decimal(21,9) not null default 0, MODIFY `funding` decimal(21,9) not null default 0, MODIFY `total_deduction` decimal(21,9) not null default 0, MODIFY `ref_bonus` decimal(21,9) not null default 0, MODIFY `salary_advance` decimal(21,9) not null default 0
2025-02-19 07:00:55,659 WARNING database DDL Query made to DB:
create table `tabProfit And Loss` (
			name varchar(140) primary key,
			creation datetime(6),
			modified datetime(6),
			modified_by varchar(140),
			owner varchar(140),
			docstatus int(1) not null default '0',
			idx int(8) not null default '0',
			`product` varchar(140),
`manager` varchar(140),
`salary` varchar(140),
`team_expences` varchar(140),
`expences_share` varchar(140),
`acm__expences` varchar(140),
`funding` varchar(140),
`actual_invoice` varchar(140),
`net_invoice` varchar(140),
`emp_count` varchar(140),
`over_all_emp_count` varchar(140),
`per_head` varchar(140),
`total_expences` varchar(140),
`profit` varchar(140),
`_user_tags` text,
`_comments` text,
`_assign` text,
`_liked_by` text,

			index modified(modified))
			ENGINE=InnoDB
			ROW_FORMAT=DYNAMIC
			CHARACTER SET=utf8mb4
			COLLATE=utf8mb4_unicode_ci
2025-02-19 07:01:50,362 WARNING database DDL Query made to DB:
ALTER TABLE `tabProfit And Loss` ADD COLUMN `month` varchar(140)
2025-02-19 07:05:45,651 WARNING database DDL Query made to DB:
RENAME TABLE `tabProfit And Loss` TO `tabProfit And Loss calculation`
2025-02-19 07:06:57,221 WARNING database DDL Query made to DB:
RENAME TABLE `tabProfit And Loss calculation` TO `tabProfit And Loss`
2025-02-19 11:42:08,763 WARNING database DDL Query made to DB:
ALTER TABLE `tabSalary` MODIFY `verification` decimal(21,9) not null default 0, MODIFY `incentive` decimal(21,9) not null default 0, MODIFY `total_deduction` decimal(21,9) not null default 0, MODIFY `travel_exp` decimal(21,9) not null default 0, MODIFY `ref_bonus` decimal(21,9) not null default 0, MODIFY `recharge` decimal(21,9) not null default 0, MODIFY `penalty` decimal(21,9) not null default 0, MODIFY `total_leave` decimal(21,9) not null default 0, MODIFY `petrol_advance` decimal(21,9) not null default 0, MODIFY `basic_salary` decimal(21,9) not null default 0, MODIFY `petrol_allowance` decimal(21,9) not null default 0, MODIFY `salary_advance` decimal(21,9) not null default 0, MODIFY `paid_basic` decimal(21,9) not null default 0, MODIFY `funding` decimal(21,9) not null default 0, MODIFY `paid__salary` decimal(21,9) not null default 0, MODIFY `net_salary` decimal(21,9) not null default 0, MODIFY `loan_and_dra_amount` decimal(21,9) not null default 0, MODIFY `km_45` decimal(21,9) not null default 0, MODIFY `total_km` decimal(21,9) not null default 0
2025-02-19 11:42:46,790 WARNING database DDL Query made to DB:
ALTER TABLE `tabSalary` MODIFY `petrol_advance` decimal(21,9) not null default 0, MODIFY `loan_and_dra_amount` decimal(21,9) not null default 0, MODIFY `km_45` decimal(21,9) not null default 0, MODIFY `total_km` decimal(21,9) not null default 0, MODIFY `funding` decimal(21,9) not null default 0, MODIFY `recharge` decimal(21,9) not null default 0, MODIFY `ref_bonus` decimal(21,9) not null default 0, MODIFY `paid_basic` decimal(21,9) not null default 0, MODIFY `verification` decimal(21,9) not null default 0, MODIFY `petrol_allowance` decimal(21,9) not null default 0, MODIFY `salary_advance` decimal(21,9) not null default 0, MODIFY `paid__salary` decimal(21,9) not null default 0, MODIFY `penalty` decimal(21,9) not null default 0, MODIFY `basic_salary` decimal(21,9) not null default 0, MODIFY `total_leave` decimal(21,9) not null default 0, MODIFY `incentive` decimal(21,9) not null default 0, MODIFY `total_deduction` decimal(21,9) not null default 0, MODIFY `net_salary` decimal(21,9) not null default 0, MODIFY `travel_exp` decimal(21,9) not null default 0
2025-02-19 11:43:21,379 WARNING database DDL Query made to DB:
ALTER TABLE `tabSalary` MODIFY `total_leave` decimal(21,9) not null default 0, MODIFY `verification` decimal(21,9) not null default 0, MODIFY `ref_bonus` decimal(21,9) not null default 0, MODIFY `penalty` decimal(21,9) not null default 0, MODIFY `km_45` decimal(21,9) not null default 0, MODIFY `loan_and_dra_amount` decimal(21,9) not null default 0, MODIFY `total_deduction` decimal(21,9) not null default 0, MODIFY `paid__salary` decimal(21,9) not null default 0, MODIFY `paid_basic` decimal(21,9) not null default 0, MODIFY `incentive` decimal(21,9) not null default 0, MODIFY `salary_advance` decimal(21,9) not null default 0, MODIFY `recharge` decimal(21,9) not null default 0, MODIFY `net_salary` decimal(21,9) not null default 0, MODIFY `total_km` decimal(21,9) not null default 0, MODIFY `funding` decimal(21,9) not null default 0, MODIFY `travel_exp` decimal(21,9) not null default 0, MODIFY `basic_salary` decimal(21,9) not null default 0, MODIFY `petrol_allowance` decimal(21,9) not null default 0, MODIFY `petrol_advance` decimal(21,9) not null default 0
2025-02-19 11:44:09,393 WARNING database DDL Query made to DB:
ALTER TABLE `tabSalary` MODIFY `basic_salary` decimal(21,9) not null default 0, MODIFY `travel_exp` decimal(21,9) not null default 0, MODIFY `paid__salary` decimal(21,9) not null default 0, MODIFY `loan_and_dra_amount` decimal(21,9) not null default 0, MODIFY `total_deduction` decimal(21,9) not null default 0, MODIFY `recharge` decimal(21,9) not null default 0, MODIFY `verification` decimal(21,9) not null default 0, MODIFY `km_45` decimal(21,9) not null default 0, MODIFY `funding` decimal(21,9) not null default 0, MODIFY `salary_advance` decimal(21,9) not null default 0, MODIFY `total_leave` decimal(21,9) not null default 0, MODIFY `incentive` decimal(21,9) not null default 0, MODIFY `total_km` decimal(21,9) not null default 0, MODIFY `net_salary` decimal(21,9) not null default 0, MODIFY `paid_basic` decimal(21,9) not null default 0, MODIFY `petrol_advance` decimal(21,9) not null default 0, MODIFY `penalty` decimal(21,9) not null default 0, MODIFY `ref_bonus` decimal(21,9) not null default 0, MODIFY `petrol_allowance` decimal(21,9) not null default 0
2025-02-19 11:44:31,451 WARNING database DDL Query made to DB:
ALTER TABLE `tabSalary` MODIFY `ref_bonus` decimal(21,9) not null default 0, MODIFY `funding` decimal(21,9) not null default 0, MODIFY `net_salary` decimal(21,9) not null default 0, MODIFY `petrol_advance` decimal(21,9) not null default 0, MODIFY `petrol_allowance` decimal(21,9) not null default 0, MODIFY `incentive` decimal(21,9) not null default 0, MODIFY `paid_basic` decimal(21,9) not null default 0, MODIFY `loan_and_dra_amount` decimal(21,9) not null default 0, MODIFY `km_45` decimal(21,9) not null default 0, MODIFY `paid__salary` decimal(21,9) not null default 0, MODIFY `total_km` decimal(21,9) not null default 0, MODIFY `recharge` decimal(21,9) not null default 0, MODIFY `total_deduction` decimal(21,9) not null default 0, MODIFY `total_leave` decimal(21,9) not null default 0, MODIFY `verification` decimal(21,9) not null default 0, MODIFY `basic_salary` decimal(21,9) not null default 0, MODIFY `penalty` decimal(21,9) not null default 0, MODIFY `salary_advance` decimal(21,9) not null default 0, MODIFY `travel_exp` decimal(21,9) not null default 0
2025-02-19 11:46:20,933 WARNING database DDL Query made to DB:
ALTER TABLE `tabSalary` MODIFY `incentive` decimal(21,9) not null default 0, MODIFY `net_salary` decimal(21,9) not null default 0, MODIFY `verification` decimal(21,9) not null default 0, MODIFY `petrol_allowance` decimal(21,9) not null default 0, MODIFY `total_km` decimal(21,9) not null default 0, MODIFY `recharge` decimal(21,9) not null default 0, MODIFY `petrol_advance` decimal(21,9) not null default 0, MODIFY `loan_and_dra_amount` decimal(21,9) not null default 0, MODIFY `travel_exp` decimal(21,9) not null default 0, MODIFY `paid_basic` decimal(21,9) not null default 0, MODIFY `salary_advance` decimal(21,9) not null default 0, MODIFY `basic_salary` decimal(21,9) not null default 0, MODIFY `total_deduction` decimal(21,9) not null default 0, MODIFY `paid__salary` decimal(21,9) not null default 0, MODIFY `penalty` decimal(21,9) not null default 0, MODIFY `ref_bonus` decimal(21,9) not null default 0, MODIFY `km_45` decimal(21,9) not null default 0, MODIFY `total_leave` decimal(21,9) not null default 0, MODIFY `funding` decimal(21,9) not null default 0
2025-02-19 11:46:42,942 WARNING database DDL Query made to DB:
ALTER TABLE `tabSalary` MODIFY `total_deduction` decimal(21,9) not null default 0, MODIFY `total_leave` decimal(21,9) not null default 0, MODIFY `incentive` decimal(21,9) not null default 0, MODIFY `petrol_allowance` decimal(21,9) not null default 0, MODIFY `recharge` decimal(21,9) not null default 0, MODIFY `total_km` decimal(21,9) not null default 0, MODIFY `loan_and_dra_amount` decimal(21,9) not null default 0, MODIFY `km_45` decimal(21,9) not null default 0, MODIFY `salary_advance` decimal(21,9) not null default 0, MODIFY `funding` decimal(21,9) not null default 0, MODIFY `ref_bonus` decimal(21,9) not null default 0, MODIFY `paid__salary` decimal(21,9) not null default 0, MODIFY `net_salary` decimal(21,9) not null default 0, MODIFY `penalty` decimal(21,9) not null default 0, MODIFY `basic_salary` decimal(21,9) not null default 0, MODIFY `petrol_advance` decimal(21,9) not null default 0, MODIFY `paid_basic` decimal(21,9) not null default 0, MODIFY `travel_exp` decimal(21,9) not null default 0, MODIFY `verification` decimal(21,9) not null default 0
2025-02-19 11:48:20,523 WARNING database DDL Query made to DB:
ALTER TABLE `tabSalary` MODIFY `travel_exp` decimal(21,9) not null default 0, MODIFY `recharge` decimal(21,9) not null default 0, MODIFY `total_km` decimal(21,9) not null default 0, MODIFY `verification` decimal(21,9) not null default 0, MODIFY `basic_salary` decimal(21,9) not null default 0, MODIFY `paid_basic` decimal(21,9) not null default 0, MODIFY `paid__salary` decimal(21,9) not null default 0, MODIFY `total_deduction` decimal(21,9) not null default 0, MODIFY `ref_bonus` decimal(21,9) not null default 0, MODIFY `total_leave` decimal(21,9) not null default 0, MODIFY `loan_and_dra_amount` decimal(21,9) not null default 0, MODIFY `incentive` decimal(21,9) not null default 0, MODIFY `petrol_allowance` decimal(21,9) not null default 0, MODIFY `funding` decimal(21,9) not null default 0, MODIFY `penalty` decimal(21,9) not null default 0, MODIFY `km_45` decimal(21,9) not null default 0, MODIFY `net_salary` decimal(21,9) not null default 0, MODIFY `salary_advance` decimal(21,9) not null default 0, MODIFY `petrol_advance` decimal(21,9) not null default 0
2025-02-19 11:55:35,987 WARNING database DDL Query made to DB:
ALTER TABLE `tabSalary` MODIFY `salary_advance` decimal(21,9) not null default 0, MODIFY `penalty` decimal(21,9) not null default 0, MODIFY `recharge` decimal(21,9) not null default 0, MODIFY `paid_basic` decimal(21,9) not null default 0, MODIFY `paid__salary` decimal(21,9) not null default 0, MODIFY `ref_bonus` decimal(21,9) not null default 0, MODIFY `travel_exp` decimal(21,9) not null default 0, MODIFY `petrol_allowance` decimal(21,9) not null default 0, MODIFY `total_deduction` decimal(21,9) not null default 0, MODIFY `total_km` decimal(21,9) not null default 0, MODIFY `incentive` decimal(21,9) not null default 0, MODIFY `funding` decimal(21,9) not null default 0, MODIFY `basic_salary` decimal(21,9) not null default 0, MODIFY `km_45` decimal(21,9) not null default 0, MODIFY `net_salary` decimal(21,9) not null default 0, MODIFY `total_leave` decimal(21,9) not null default 0, MODIFY `loan_and_dra_amount` decimal(21,9) not null default 0, MODIFY `petrol_advance` decimal(21,9) not null default 0, MODIFY `verification` decimal(21,9) not null default 0
2025-02-20 07:59:40,961 WARNING database DDL Query made to DB:
ALTER TABLE `tabSalary` ADD COLUMN `date` date
2025-02-20 07:59:40,966 WARNING database DDL Query made to DB:
ALTER TABLE `tabSalary` MODIFY `penalty` decimal(21,9) not null default 0, MODIFY `net_salary` decimal(21,9) not null default 0, MODIFY `paid_basic` decimal(21,9) not null default 0, MODIFY `total_deduction` decimal(21,9) not null default 0, MODIFY `salary_advance` decimal(21,9) not null default 0, MODIFY `recharge` decimal(21,9) not null default 0, MODIFY `petrol_allowance` decimal(21,9) not null default 0, MODIFY `total_km` decimal(21,9) not null default 0, MODIFY `paid__salary` decimal(21,9) not null default 0, MODIFY `funding` decimal(21,9) not null default 0, MODIFY `total_leave` decimal(21,9) not null default 0, MODIFY `loan_and_dra_amount` decimal(21,9) not null default 0, MODIFY `basic_salary` decimal(21,9) not null default 0, MODIFY `incentive` decimal(21,9) not null default 0, MODIFY `petrol_advance` decimal(21,9) not null default 0, MODIFY `ref_bonus` decimal(21,9) not null default 0, MODIFY `travel_exp` decimal(21,9) not null default 0, MODIFY `verification` decimal(21,9) not null default 0, MODIFY `km_45` decimal(21,9) not null default 0
2025-02-20 07:59:59,233 WARNING database DDL Query made to DB:
ALTER TABLE `tabSalary` MODIFY `paid_basic` decimal(21,9) not null default 0, MODIFY `total_km` decimal(21,9) not null default 0, MODIFY `petrol_advance` decimal(21,9) not null default 0, MODIFY `total_leave` decimal(21,9) not null default 0, MODIFY `salary_advance` decimal(21,9) not null default 0, MODIFY `loan_and_dra_amount` decimal(21,9) not null default 0, MODIFY `travel_exp` decimal(21,9) not null default 0, MODIFY `date` date, MODIFY `ref_bonus` decimal(21,9) not null default 0, MODIFY `km_45` decimal(21,9) not null default 0, MODIFY `paid__salary` decimal(21,9) not null default 0, MODIFY `verification` decimal(21,9) not null default 0, MODIFY `basic_salary` decimal(21,9) not null default 0, MODIFY `net_salary` decimal(21,9) not null default 0, MODIFY `penalty` decimal(21,9) not null default 0, MODIFY `funding` decimal(21,9) not null default 0, MODIFY `petrol_allowance` decimal(21,9) not null default 0, MODIFY `total_deduction` decimal(21,9) not null default 0, MODIFY `incentive` decimal(21,9) not null default 0, MODIFY `recharge` decimal(21,9) not null default 0
2025-02-20 08:00:06,993 WARNING database DDL Query made to DB:
ALTER TABLE `tabSalary` MODIFY `loan_and_dra_amount` decimal(21,9) not null default 0, MODIFY `incentive` decimal(21,9) not null default 0, MODIFY `paid__salary` decimal(21,9) not null default 0, MODIFY `verification` decimal(21,9) not null default 0, MODIFY `recharge` decimal(21,9) not null default 0, MODIFY `petrol_allowance` decimal(21,9) not null default 0, MODIFY `net_salary` decimal(21,9) not null default 0, MODIFY `basic_salary` decimal(21,9) not null default 0, MODIFY `salary_advance` decimal(21,9) not null default 0, MODIFY `funding` decimal(21,9) not null default 0, MODIFY `paid_basic` decimal(21,9) not null default 0, MODIFY `total_leave` decimal(21,9) not null default 0, MODIFY `penalty` decimal(21,9) not null default 0, MODIFY `km_45` decimal(21,9) not null default 0, MODIFY `ref_bonus` decimal(21,9) not null default 0, MODIFY `petrol_advance` decimal(21,9) not null default 0, MODIFY `total_deduction` decimal(21,9) not null default 0, MODIFY `total_km` decimal(21,9) not null default 0, MODIFY `travel_exp` decimal(21,9) not null default 0
2025-02-20 11:29:21,221 WARNING database DDL Query made to DB:
ALTER TABLE `tabEmployee List` MODIFY `cost_to_company_ctc` decimal(21,9) not null default 0
2025-02-20 11:31:32,647 WARNING database DDL Query made to DB:
create table `tabTeam Lead` (
			name varchar(140) primary key,
			creation datetime(6),
			modified datetime(6),
			modified_by varchar(140),
			owner varchar(140),
			docstatus int(1) not null default '0',
			idx int(8) not null default '0',
			`team_leader_name` varchar(140),
`_user_tags` text,
`_comments` text,
`_assign` text,
`_liked_by` text,

			index modified(modified))
			ENGINE=InnoDB
			ROW_FORMAT=DYNAMIC
			CHARACTER SET=utf8mb4
			COLLATE=utf8mb4_unicode_ci
2025-02-20 11:35:26,310 WARNING database DDL Query made to DB:
create table `tabEmployee-name` (
			name varchar(140) primary key,
			creation datetime(6),
			modified datetime(6),
			modified_by varchar(140),
			owner varchar(140),
			docstatus int(1) not null default '0',
			idx int(8) not null default '0',
			`employee_name` varchar(140),
`_user_tags` text,
`_comments` text,
`_assign` text,
`_liked_by` text,

			index modified(modified))
			ENGINE=InnoDB
			ROW_FORMAT=DYNAMIC
			CHARACTER SET=utf8mb4
			COLLATE=utf8mb4_unicode_ci
2025-02-20 11:45:17,609 WARNING database DDL Query made to DB:
ALTER TABLE `tabEmployee List` MODIFY `cost_to_company_ctc` decimal(21,9) not null default 0
2025-02-20 11:51:24,976 WARNING database DDL Query made to DB:
ALTER TABLE `tabEmployee List` MODIFY `cost_to_company_ctc` decimal(21,9) not null default 0
2025-02-20 11:59:29,608 WARNING database DDL Query made to DB:
ALTER TABLE `tabTeam Details` ADD COLUMN `add_employee_1` varchar(140), ADD COLUMN `add_employee_2` varchar(140), ADD COLUMN `add_employee_3` varchar(140), ADD COLUMN `add_employee_4` varchar(140), ADD COLUMN `add_employee_5` varchar(140), ADD COLUMN `add_employee_6` varchar(140), ADD COLUMN `add_employee_7` varchar(140), ADD COLUMN `add_employee_8` varchar(140), ADD COLUMN `add_employee_9` varchar(140), ADD COLUMN `add_employee_10` varchar(140)
2025-02-20 12:35:56,126 WARNING database DDL Query made to DB:
ALTER TABLE `tabInvoice Tracker` MODIFY `gross_payout` decimal(21,9) not null default 0, MODIFY `payout` decimal(21,9) not null default 0, MODIFY `rough_calculation` decimal(21,9) not null default 0, MODIFY `incentive` decimal(21,9) not null default 0, MODIFY `net_payout` decimal(21,9) not null default 0
2025-02-20 12:36:16,174 WARNING database DDL Query made to DB:
ALTER TABLE `tabInvoice Tracker` MODIFY `gross_payout` decimal(21,9) not null default 0, MODIFY `payout` decimal(21,9) not null default 0, MODIFY `rough_calculation` decimal(21,9) not null default 0, MODIFY `incentive` decimal(21,9) not null default 0, MODIFY `net_payout` decimal(21,9) not null default 0
2025-02-20 12:36:28,252 WARNING database DDL Query made to DB:
ALTER TABLE `tabInvoice Tracker` MODIFY `gross_payout` decimal(21,9) not null default 0, MODIFY `rough_calculation` decimal(21,9) not null default 0, MODIFY `incentive` decimal(21,9) not null default 0, MODIFY `net_payout` decimal(21,9) not null default 0, MODIFY `payout` decimal(21,9) not null default 0
2025-02-20 12:43:44,989 WARNING database DDL Query made to DB:
ALTER TABLE `tabInvoice Tracker` MODIFY `net_payout` decimal(21,9) not null default 0, MODIFY `rough_calculation` decimal(21,9) not null default 0, MODIFY `payout` decimal(21,9) not null default 0, MODIFY `gross_payout` decimal(21,9) not null default 0, MODIFY `incentive` decimal(21,9) not null default 0
2025-02-20 12:47:31,309 WARNING database DDL Query made to DB:
ALTER TABLE `tabInvoice Tracker` MODIFY `rough_calculation` decimal(21,9) not null default 0, MODIFY `incentive` decimal(21,9) not null default 0, MODIFY `net_payout` decimal(21,9) not null default 0, MODIFY `gross_payout` decimal(21,9) not null default 0, MODIFY `payout` decimal(21,9) not null default 0
2025-02-20 13:24:13,535 WARNING database DDL Query made to DB:
ALTER TABLE `tabEmployee List` MODIFY `cost_to_company_ctc` decimal(21,9) not null default 0
2025-02-20 13:25:11,248 WARNING database DDL Query made to DB:
ALTER TABLE `tabEmployee List` MODIFY `cost_to_company_ctc` decimal(21,9) not null default 0
