2025-02-19 11:46:20,933 WARNING database DDL Query made to DB:
ALTER TABLE `tabSalary` MODIFY `incentive` decimal(21,9) not null default 0, MODIFY `net_salary` decimal(21,9) not null default 0, MODIFY `verification` decimal(21,9) not null default 0, MODIFY `petrol_allowance` decimal(21,9) not null default 0, MODIFY `total_km` decimal(21,9) not null default 0, MODIFY `recharge` decimal(21,9) not null default 0, MODIFY `petrol_advance` decimal(21,9) not null default 0, MODIFY `loan_and_dra_amount` decimal(21,9) not null default 0, MODIFY `travel_exp` decimal(21,9) not null default 0, MODIFY `paid_basic` decimal(21,9) not null default 0, MODIFY `salary_advance` decimal(21,9) not null default 0, MODIFY `basic_salary` decimal(21,9) not null default 0, MODIFY `total_deduction` decimal(21,9) not null default 0, MODIFY `paid__salary` decimal(21,9) not null default 0, MODIFY `penalty` decimal(21,9) not null default 0, MODIFY `ref_bonus` decimal(21,9) not null default 0, MODIFY `km_45` decimal(21,9) not null default 0, MODIFY `total_leave` decimal(21,9) not null default 0, MODIFY `funding` decimal(21,9) not null default 0
2025-02-19 11:46:42,942 WARNING database DDL Query made to DB:
ALTER TABLE `tabSalary` MODIFY `total_deduction` decimal(21,9) not null default 0, MODIFY `total_leave` decimal(21,9) not null default 0, MODIFY `incentive` decimal(21,9) not null default 0, MODIFY `petrol_allowance` decimal(21,9) not null default 0, MODIFY `recharge` decimal(21,9) not null default 0, MODIFY `total_km` decimal(21,9) not null default 0, MODIFY `loan_and_dra_amount` decimal(21,9) not null default 0, MODIFY `km_45` decimal(21,9) not null default 0, MODIFY `salary_advance` decimal(21,9) not null default 0, MODIFY `funding` decimal(21,9) not null default 0, MODIFY `ref_bonus` decimal(21,9) not null default 0, MODIFY `paid__salary` decimal(21,9) not null default 0, MODIFY `net_salary` decimal(21,9) not null default 0, MODIFY `penalty` decimal(21,9) not null default 0, MODIFY `basic_salary` decimal(21,9) not null default 0, MODIFY `petrol_advance` decimal(21,9) not null default 0, MODIFY `paid_basic` decimal(21,9) not null default 0, MODIFY `travel_exp` decimal(21,9) not null default 0, MODIFY `verification` decimal(21,9) not null default 0
2025-02-19 11:48:20,523 WARNING database DDL Query made to DB:
ALTER TABLE `tabSalary` MODIFY `travel_exp` decimal(21,9) not null default 0, MODIFY `recharge` decimal(21,9) not null default 0, MODIFY `total_km` decimal(21,9) not null default 0, MODIFY `verification` decimal(21,9) not null default 0, MODIFY `basic_salary` decimal(21,9) not null default 0, MODIFY `paid_basic` decimal(21,9) not null default 0, MODIFY `paid__salary` decimal(21,9) not null default 0, MODIFY `total_deduction` decimal(21,9) not null default 0, MODIFY `ref_bonus` decimal(21,9) not null default 0, MODIFY `total_leave` decimal(21,9) not null default 0, MODIFY `loan_and_dra_amount` decimal(21,9) not null default 0, MODIFY `incentive` decimal(21,9) not null default 0, MODIFY `petrol_allowance` decimal(21,9) not null default 0, MODIFY `funding` decimal(21,9) not null default 0, MODIFY `penalty` decimal(21,9) not null default 0, MODIFY `km_45` decimal(21,9) not null default 0, MODIFY `net_salary` decimal(21,9) not null default 0, MODIFY `salary_advance` decimal(21,9) not null default 0, MODIFY `petrol_advance` decimal(21,9) not null default 0
2025-02-19 11:55:35,987 WARNING database DDL Query made to DB:
ALTER TABLE `tabSalary` MODIFY `salary_advance` decimal(21,9) not null default 0, MODIFY `penalty` decimal(21,9) not null default 0, MODIFY `recharge` decimal(21,9) not null default 0, MODIFY `paid_basic` decimal(21,9) not null default 0, MODIFY `paid__salary` decimal(21,9) not null default 0, MODIFY `ref_bonus` decimal(21,9) not null default 0, MODIFY `travel_exp` decimal(21,9) not null default 0, MODIFY `petrol_allowance` decimal(21,9) not null default 0, MODIFY `total_deduction` decimal(21,9) not null default 0, MODIFY `total_km` decimal(21,9) not null default 0, MODIFY `incentive` decimal(21,9) not null default 0, MODIFY `funding` decimal(21,9) not null default 0, MODIFY `basic_salary` decimal(21,9) not null default 0, MODIFY `km_45` decimal(21,9) not null default 0, MODIFY `net_salary` decimal(21,9) not null default 0, MODIFY `total_leave` decimal(21,9) not null default 0, MODIFY `loan_and_dra_amount` decimal(21,9) not null default 0, MODIFY `petrol_advance` decimal(21,9) not null default 0, MODIFY `verification` decimal(21,9) not null default 0
2025-02-20 07:59:40,961 WARNING database DDL Query made to DB:
ALTER TABLE `tabSalary` ADD COLUMN `date` date
2025-02-20 07:59:40,966 WARNING database DDL Query made to DB:
ALTER TABLE `tabSalary` MODIFY `penalty` decimal(21,9) not null default 0, MODIFY `net_salary` decimal(21,9) not null default 0, MODIFY `paid_basic` decimal(21,9) not null default 0, MODIFY `total_deduction` decimal(21,9) not null default 0, MODIFY `salary_advance` decimal(21,9) not null default 0, MODIFY `recharge` decimal(21,9) not null default 0, MODIFY `petrol_allowance` decimal(21,9) not null default 0, MODIFY `total_km` decimal(21,9) not null default 0, MODIFY `paid__salary` decimal(21,9) not null default 0, MODIFY `funding` decimal(21,9) not null default 0, MODIFY `total_leave` decimal(21,9) not null default 0, MODIFY `loan_and_dra_amount` decimal(21,9) not null default 0, MODIFY `basic_salary` decimal(21,9) not null default 0, MODIFY `incentive` decimal(21,9) not null default 0, MODIFY `petrol_advance` decimal(21,9) not null default 0, MODIFY `ref_bonus` decimal(21,9) not null default 0, MODIFY `travel_exp` decimal(21,9) not null default 0, MODIFY `verification` decimal(21,9) not null default 0, MODIFY `km_45` decimal(21,9) not null default 0
2025-02-20 07:59:59,233 WARNING database DDL Query made to DB:
ALTER TABLE `tabSalary` MODIFY `paid_basic` decimal(21,9) not null default 0, MODIFY `total_km` decimal(21,9) not null default 0, MODIFY `petrol_advance` decimal(21,9) not null default 0, MODIFY `total_leave` decimal(21,9) not null default 0, MODIFY `salary_advance` decimal(21,9) not null default 0, MODIFY `loan_and_dra_amount` decimal(21,9) not null default 0, MODIFY `travel_exp` decimal(21,9) not null default 0, MODIFY `date` date, MODIFY `ref_bonus` decimal(21,9) not null default 0, MODIFY `km_45` decimal(21,9) not null default 0, MODIFY `paid__salary` decimal(21,9) not null default 0, MODIFY `verification` decimal(21,9) not null default 0, MODIFY `basic_salary` decimal(21,9) not null default 0, MODIFY `net_salary` decimal(21,9) not null default 0, MODIFY `penalty` decimal(21,9) not null default 0, MODIFY `funding` decimal(21,9) not null default 0, MODIFY `petrol_allowance` decimal(21,9) not null default 0, MODIFY `total_deduction` decimal(21,9) not null default 0, MODIFY `incentive` decimal(21,9) not null default 0, MODIFY `recharge` decimal(21,9) not null default 0
2025-02-20 08:00:06,993 WARNING database DDL Query made to DB:
ALTER TABLE `tabSalary` MODIFY `loan_and_dra_amount` decimal(21,9) not null default 0, MODIFY `incentive` decimal(21,9) not null default 0, MODIFY `paid__salary` decimal(21,9) not null default 0, MODIFY `verification` decimal(21,9) not null default 0, MODIFY `recharge` decimal(21,9) not null default 0, MODIFY `petrol_allowance` decimal(21,9) not null default 0, MODIFY `net_salary` decimal(21,9) not null default 0, MODIFY `basic_salary` decimal(21,9) not null default 0, MODIFY `salary_advance` decimal(21,9) not null default 0, MODIFY `funding` decimal(21,9) not null default 0, MODIFY `paid_basic` decimal(21,9) not null default 0, MODIFY `total_leave` decimal(21,9) not null default 0, MODIFY `penalty` decimal(21,9) not null default 0, MODIFY `km_45` decimal(21,9) not null default 0, MODIFY `ref_bonus` decimal(21,9) not null default 0, MODIFY `petrol_advance` decimal(21,9) not null default 0, MODIFY `total_deduction` decimal(21,9) not null default 0, MODIFY `total_km` decimal(21,9) not null default 0, MODIFY `travel_exp` decimal(21,9) not null default 0
2025-02-20 11:29:21,221 WARNING database DDL Query made to DB:
ALTER TABLE `tabEmployee List` MODIFY `cost_to_company_ctc` decimal(21,9) not null default 0
2025-02-20 11:31:32,647 WARNING database DDL Query made to DB:
create table `tabTeam Lead` (
			name varchar(140) primary key,
			creation datetime(6),
			modified datetime(6),
			modified_by varchar(140),
			owner varchar(140),
			docstatus int(1) not null default '0',
			idx int(8) not null default '0',
			`team_leader_name` varchar(140),
`_user_tags` text,
`_comments` text,
`_assign` text,
`_liked_by` text,

			index modified(modified))
			ENGINE=InnoDB
			ROW_FORMAT=DYNAMIC
			CHARACTER SET=utf8mb4
			COLLATE=utf8mb4_unicode_ci
2025-02-20 11:35:26,310 WARNING database DDL Query made to DB:
create table `tabEmployee-name` (
			name varchar(140) primary key,
			creation datetime(6),
			modified datetime(6),
			modified_by varchar(140),
			owner varchar(140),
			docstatus int(1) not null default '0',
			idx int(8) not null default '0',
			`employee_name` varchar(140),
`_user_tags` text,
`_comments` text,
`_assign` text,
`_liked_by` text,

			index modified(modified))
			ENGINE=InnoDB
			ROW_FORMAT=DYNAMIC
			CHARACTER SET=utf8mb4
			COLLATE=utf8mb4_unicode_ci
2025-02-20 11:45:17,609 WARNING database DDL Query made to DB:
ALTER TABLE `tabEmployee List` MODIFY `cost_to_company_ctc` decimal(21,9) not null default 0
2025-02-20 11:51:24,976 WARNING database DDL Query made to DB:
ALTER TABLE `tabEmployee List` MODIFY `cost_to_company_ctc` decimal(21,9) not null default 0
2025-02-20 11:59:29,608 WARNING database DDL Query made to DB:
ALTER TABLE `tabTeam Details` ADD COLUMN `add_employee_1` varchar(140), ADD COLUMN `add_employee_2` varchar(140), ADD COLUMN `add_employee_3` varchar(140), ADD COLUMN `add_employee_4` varchar(140), ADD COLUMN `add_employee_5` varchar(140), ADD COLUMN `add_employee_6` varchar(140), ADD COLUMN `add_employee_7` varchar(140), ADD COLUMN `add_employee_8` varchar(140), ADD COLUMN `add_employee_9` varchar(140), ADD COLUMN `add_employee_10` varchar(140)
2025-02-20 12:35:56,126 WARNING database DDL Query made to DB:
ALTER TABLE `tabInvoice Tracker` MODIFY `gross_payout` decimal(21,9) not null default 0, MODIFY `payout` decimal(21,9) not null default 0, MODIFY `rough_calculation` decimal(21,9) not null default 0, MODIFY `incentive` decimal(21,9) not null default 0, MODIFY `net_payout` decimal(21,9) not null default 0
2025-02-20 12:36:16,174 WARNING database DDL Query made to DB:
ALTER TABLE `tabInvoice Tracker` MODIFY `gross_payout` decimal(21,9) not null default 0, MODIFY `payout` decimal(21,9) not null default 0, MODIFY `rough_calculation` decimal(21,9) not null default 0, MODIFY `incentive` decimal(21,9) not null default 0, MODIFY `net_payout` decimal(21,9) not null default 0
2025-02-20 12:36:28,252 WARNING database DDL Query made to DB:
ALTER TABLE `tabInvoice Tracker` MODIFY `gross_payout` decimal(21,9) not null default 0, MODIFY `rough_calculation` decimal(21,9) not null default 0, MODIFY `incentive` decimal(21,9) not null default 0, MODIFY `net_payout` decimal(21,9) not null default 0, MODIFY `payout` decimal(21,9) not null default 0
2025-02-20 12:43:44,989 WARNING database DDL Query made to DB:
ALTER TABLE `tabInvoice Tracker` MODIFY `net_payout` decimal(21,9) not null default 0, MODIFY `rough_calculation` decimal(21,9) not null default 0, MODIFY `payout` decimal(21,9) not null default 0, MODIFY `gross_payout` decimal(21,9) not null default 0, MODIFY `incentive` decimal(21,9) not null default 0
2025-02-20 12:47:31,309 WARNING database DDL Query made to DB:
ALTER TABLE `tabInvoice Tracker` MODIFY `rough_calculation` decimal(21,9) not null default 0, MODIFY `incentive` decimal(21,9) not null default 0, MODIFY `net_payout` decimal(21,9) not null default 0, MODIFY `gross_payout` decimal(21,9) not null default 0, MODIFY `payout` decimal(21,9) not null default 0
2025-02-20 13:24:13,535 WARNING database DDL Query made to DB:
ALTER TABLE `tabEmployee List` MODIFY `cost_to_company_ctc` decimal(21,9) not null default 0
2025-02-20 13:25:11,248 WARNING database DDL Query made to DB:
ALTER TABLE `tabEmployee List` MODIFY `cost_to_company_ctc` decimal(21,9) not null default 0
